# JRE version: OpenJDK Runtime Environment (8.0_242-b01) (build 1.8.0_242-release-1644-b01)
# Java VM: OpenJDK 64-Bit Server VM (25.242-b01 mixed mode windows-amd64 compressed oops)
Heap:
 PSYoungGen      total 233984K, used 26115K [0x00000000d5580000, 0x00000000e7d80000, 0x0000000100000000)
  eden space 201728K, 4% used [0x00000000d5580000,0x00000000d5e3fe28,0x00000000e1a80000)
  from space 32256K, 53% used [0x00000000e1a80000,0x00000000e2b41170,0x00000000e3a00000)
  to   space 31744K, 0% used [0x00000000e5e80000,0x00000000e5e80000,0x00000000e7d80000)
 ParOldGen       total 111616K, used 65812K [0x0000000080000000, 0x0000000086d00000, 0x00000000d5580000)
  object space 111616K, 58% used [0x0000000080000000,0x0000000084045198,0x0000000086d00000)
 Metaspace       used 87187K, capacity 91590K, committed 91800K, reserved 1128448K
  class space    used 11851K, capacity 12640K, committed 12720K, reserved 1048576K
GC Heap History (10 events):
Event: 55.443 GC heap before
{Heap before GC invocations=20 (full 3):
 PSYoungGen      total 168960K, used 168716K [0x00000000d5580000, 0x00000000e1800000, 0x0000000100000000)
  eden space 157184K, 100% used [0x00000000d5580000,0x00000000def00000,0x00000000def00000)
  from space 11776K, 97% used [0x00000000e0c80000,0x00000000e17c31c8,0x00000000e1800000)
  to   space 16896K, 0% used [0x00000000df700000,0x00000000df700000,0x00000000e0780000)
 ParOldGen       total 111616K, used 29532K [0x0000000080000000, 0x0000000086d00000, 0x00000000d5580000)
  object space 111616K, 26% used [0x0000000080000000,0x0000000081cd73b8,0x0000000086d00000)
 Metaspace       used 70140K, capacity 73118K, committed 73240K, reserved 1112064K
  class space    used 9622K, capacity 10245K, committed 10288K, reserved 1048576K
Event: 55.472 GC heap after
Heap after GC invocations=20 (full 3):
 PSYoungGen      total 182272K, used 16888K [0x00000000d5580000, 0x00000000e3180000, 0x0000000100000000)
  eden space 165376K, 0% used [0x00000000d5580000,0x00000000d5580000,0x00000000df700000)
  from space 16896K, 99% used [0x00000000df700000,0x00000000e077e248,0x00000000e0780000)
  to   space 20992K, 0% used [0x00000000e1d00000,0x00000000e1d00000,0x00000000e3180000)
 ParOldGen       total 111616K, used 33520K [0x0000000080000000, 0x0000000086d00000, 0x00000000d5580000)
  object space 111616K, 30% used [0x0000000080000000,0x00000000820bc1b0,0x0000000086d00000)
 Metaspace       used 70140K, capacity 73118K, committed 73240K, reserved 1112064K
  class space    used 9622K, capacity 10245K, committed 10288K, reserved 1048576K
}
Event: 59.777 GC heap before
{Heap before GC invocations=21 (full 3):
 PSYoungGen      total 182272K, used 182264K [0x00000000d5580000, 0x00000000e3180000, 0x0000000100000000)
  eden space 165376K, 100% used [0x00000000d5580000,0x00000000df700000,0x00000000df700000)
  from space 16896K, 99% used [0x00000000df700000,0x00000000e077e248,0x00000000e0780000)
  to   space 20992K, 0% used [0x00000000e1d00000,0x00000000e1d00000,0x00000000e3180000)
 ParOldGen       total 111616K, used 33520K [0x0000000080000000, 0x0000000086d00000, 0x00000000d5580000)
  object space 111616K, 30% used [0x0000000080000000,0x00000000820bc1b0,0x0000000086d00000)
 Metaspace       used 74122K, capacity 77176K, committed 77464K, reserved 1116160K
  class space    used 10149K, capacity 10805K, committed 10928K, reserved 1048576K
Event: 59.801 GC heap after
Heap after GC invocations=21 (full 3):
 PSYoungGen      total 204800K, used 4645K [0x00000000d5580000, 0x00000000e3700000, 0x0000000100000000)
  eden space 183808K, 0% used [0x00000000d5580000,0x00000000d5580000,0x00000000e0900000)
  from space 20992K, 22% used [0x00000000e1d00000,0x00000000e21894a8,0x00000000e3180000)
  to   space 20480K, 0% used [0x00000000e0900000,0x00000000e0900000,0x00000000e1d00000)
 ParOldGen       total 111616K, used 47499K [0x0000000080000000, 0x0000000086d00000, 0x00000000d5580000)
  object space 111616K, 42% used [0x0000000080000000,0x0000000082e62ce8,0x0000000086d00000)
 Metaspace       used 74122K, capacity 77176K, committed 77464K, reserved 1116160K
  class space    used 10149K, capacity 10805K, committed 10928K, reserved 1048576K
}
Event: 68.166 GC heap before
{Heap before GC invocations=22 (full 3):
 PSYoungGen      total 204800K, used 188453K [0x00000000d5580000, 0x00000000e3700000, 0x0000000100000000)
  eden space 183808K, 100% used [0x00000000d5580000,0x00000000e0900000,0x00000000e0900000)
  from space 20992K, 22% used [0x00000000e1d00000,0x00000000e21894a8,0x00000000e3180000)
  to   space 20480K, 0% used [0x00000000e0900000,0x00000000e0900000,0x00000000e1d00000)
 ParOldGen       total 111616K, used 47499K [0x0000000080000000, 0x0000000086d00000, 0x00000000d5580000)
  object space 111616K, 42% used [0x0000000080000000,0x0000000082e62ce8,0x0000000086d00000)
 Metaspace       used 85259K, capacity 89508K, committed 89752K, reserved 1126400K
  class space    used 11671K, capacity 12447K, committed 12464K, reserved 1048576K
Event: 68.251 GC heap after
Heap after GC invocations=22 (full 3):
 PSYoungGen      total 204288K, used 20328K [0x00000000d5580000, 0x00000000e5100000, 0x0000000100000000)
  eden space 183808K, 0% used [0x00000000d5580000,0x00000000d5580000,0x00000000e0900000)
  from space 20480K, 99% used [0x00000000e0900000,0x00000000e1cda238,0x00000000e1d00000)
  to   space 23552K, 0% used [0x00000000e3a00000,0x00000000e3a00000,0x00000000e5100000)
 ParOldGen       total 111616K, used 47507K [0x0000000080000000, 0x0000000086d00000, 0x00000000d5580000)
  object space 111616K, 42% used [0x0000000080000000,0x0000000082e64ce8,0x0000000086d00000)
 Metaspace       used 85259K, capacity 89508K, committed 89752K, reserved 1126400K
  class space    used 11671K, capacity 12447K, committed 12464K, reserved 1048576K
}
Event: 73.880 GC heap before
{Heap before GC invocations=23 (full 3):
 PSYoungGen      total 204288K, used 204136K [0x00000000d5580000, 0x00000000e5100000, 0x0000000100000000)
  eden space 183808K, 100% used [0x00000000d5580000,0x00000000e0900000,0x00000000e0900000)
  from space 20480K, 99% used [0x00000000e0900000,0x00000000e1cda238,0x00000000e1d00000)
  to   space 23552K, 0% used [0x00000000e3a00000,0x00000000e3a00000,0x00000000e5100000)
 ParOldGen       total 111616K, used 47507K [0x0000000080000000, 0x0000000086d00000, 0x00000000d5580000)
  object space 111616K, 42% used [0x0000000080000000,0x0000000082e64ce8,0x0000000086d00000)
 Metaspace       used 86812K, capacity 91110K, committed 91288K, reserved 1128448K
  class space    used 11828K, capacity 12602K, committed 12720K, reserved 1048576K
Event: 73.998 GC heap after
Heap after GC invocations=23 (full 3):
 PSYoungGen      total 225280K, used 23531K [0x00000000d5580000, 0x00000000e6480000, 0x0000000100000000)
  eden space 201728K, 0% used [0x00000000d5580000,0x00000000d5580000,0x00000000e1a80000)
  from space 23552K, 99% used [0x00000000e3a00000,0x00000000e50fafe0,0x00000000e5100000)
  to   space 32256K, 0% used [0x00000000e1a80000,0x00000000e1a80000,0x00000000e3a00000)
 ParOldGen       total 111616K, used 59724K [0x0000000080000000, 0x0000000086d00000, 0x00000000d5580000)
  object space 111616K, 53% used [0x0000000080000000,0x0000000083a53230,0x0000000086d00000)
 Metaspace       used 86812K, capacity 91110K, committed 91288K, reserved 1128448K
  class space    used 11828K, capacity 12602K, committed 12720K, reserved 1048576K
}
Event: 77.391 GC heap before
{Heap before GC invocations=24 (full 3):
 PSYoungGen      total 225280K, used 225259K [0x00000000d5580000, 0x00000000e6480000, 0x0000000100000000)
  eden space 201728K, 100% used [0x00000000d5580000,0x00000000e1a80000,0x00000000e1a80000)
  from space 23552K, 99% used [0x00000000e3a00000,0x00000000e50fafe0,0x00000000e5100000)
  to   space 32256K, 0% used [0x00000000e1a80000,0x00000000e1a80000,0x00000000e3a00000)
 ParOldGen       total 111616K, used 59724K [0x0000000080000000, 0x0000000086d00000, 0x00000000d5580000)
  object space 111616K, 53% used [0x0000000080000000,0x0000000083a53230,0x0000000086d00000)
 Metaspace       used 87185K, capacity 91590K, committed 91800K, reserved 1128448K
  class space    used 11851K, capacity 12640K, committed 12720K, reserved 1048576K
Event: 77.514 GC heap after
Heap after GC invocations=24 (full 3):
 PSYoungGen      total 233984K, used 17156K [0x00000000d5580000, 0x00000000e7d80000, 0x0000000100000000)
  eden space 201728K, 0% used [0x00000000d5580000,0x00000000d5580000,0x00000000e1a80000)
  from space 32256K, 53% used [0x00000000e1a80000,0x00000000e2b41170,0x00000000e3a00000)
  to   space 31744K, 0% used [0x00000000e5e80000,0x00000000e5e80000,0x00000000e7d80000)
 ParOldGen       total 111616K, used 65812K [0x0000000080000000, 0x0000000086d00000, 0x00000000d5580000)
  object space 111616K, 58% used [0x0000000080000000,0x0000000084045198,0x0000000086d00000)
 Metaspace       used 87185K, capacity 91590K, committed 91800K, reserved 1128448K
  class space    used 11851K, capacity 12640K, committed 12720K, reserved 1048576K
}

