# JRE version: OpenJDK Runtime Environment (8.0_242-b01) (build 1.8.0_242-release-1644-b01)
# Java VM: OpenJDK 64-Bit Server VM (25.242-b01 mixed mode windows-amd64 compressed oops)
Heap:
 PSYoungGen      total 35840K, used 4431K [0x00000000d8780000, 0x00000000dcd80000, 0x0000000100000000)
  eden space 30720K, 14% used [0x00000000d8780000,0x00000000d8bd3e90,0x00000000da580000)
  from space 5120K, 0% used [0x00000000da580000,0x00000000da580000,0x00000000daa80000)
  to   space 5120K, 0% used [0x00000000dc880000,0x00000000dc880000,0x00000000dcd80000)
 ParOldGen       total 64000K, used 9853K [0x0000000089600000, 0x000000008d480000, 0x00000000d8780000)
  object space 64000K, 15% used [0x0000000089600000,0x0000000089f9f4d0,0x000000008d480000)
 Metaspace       used 21844K, capacity 22268K, committed 22448K, reserved 1069056K
  class space    used 2609K, capacity 2736K, committed 2736K, reserved 1048576K
GC Heap History (8 events):
Event: 1.779 GC heap before
{Heap before GC invocations=1 (full 0):
 PSYoungGen      total 35840K, used 30720K [0x00000000d8780000, 0x00000000daf80000, 0x0000000100000000)
  eden space 30720K, 100% used [0x00000000d8780000,0x00000000da580000,0x00000000da580000)
  from space 5120K, 0% used [0x00000000daa80000,0x00000000daa80000,0x00000000daf80000)
  to   space 5120K, 0% used [0x00000000da580000,0x00000000da580000,0x00000000daa80000)
 ParOldGen       total 81920K, used 0K [0x0000000089600000, 0x000000008e600000, 0x00000000d8780000)
  object space 81920K, 0% used [0x0000000089600000,0x0000000089600000,0x000000008e600000)
 Metaspace       used 9692K, capacity 9852K, committed 10112K, reserved 1058816K
  class space    used 1045K, capacity 1116K, committed 1152K, reserved 1048576K
Event: 1.790 GC heap after
Heap after GC invocations=1 (full 0):
 PSYoungGen      total 35840K, used 5099K [0x00000000d8780000, 0x00000000daf80000, 0x0000000100000000)
  eden space 30720K, 0% used [0x00000000d8780000,0x00000000d8780000,0x00000000da580000)
  from space 5120K, 99% used [0x00000000da580000,0x00000000daa7af98,0x00000000daa80000)
  to   space 5120K, 0% used [0x00000000daa80000,0x00000000daa80000,0x00000000daf80000)
 ParOldGen       total 81920K, used 2041K [0x0000000089600000, 0x000000008e600000, 0x00000000d8780000)
  object space 81920K, 2% used [0x0000000089600000,0x00000000897fe528,0x000000008e600000)
 Metaspace       used 9692K, capacity 9852K, committed 10112K, reserved 1058816K
  class space    used 1045K, capacity 1116K, committed 1152K, reserved 1048576K
}
Event: 2.921 GC heap before
{Heap before GC invocations=2 (full 0):
 PSYoungGen      total 35840K, used 35819K [0x00000000d8780000, 0x00000000daf80000, 0x0000000100000000)
  eden space 30720K, 100% used [0x00000000d8780000,0x00000000da580000,0x00000000da580000)
  from space 5120K, 99% used [0x00000000da580000,0x00000000daa7af98,0x00000000daa80000)
  to   space 5120K, 0% used [0x00000000daa80000,0x00000000daa80000,0x00000000daf80000)
 ParOldGen       total 81920K, used 2041K [0x0000000089600000, 0x000000008e600000, 0x00000000d8780000)
  object space 81920K, 2% used [0x0000000089600000,0x00000000897fe528,0x000000008e600000)
 Metaspace       used 15029K, capacity 15344K, committed 15488K, reserved 1062912K
  class space    used 1736K, capacity 1842K, committed 1920K, reserved 1048576K
Event: 2.937 GC heap after
Heap after GC invocations=2 (full 0):
 PSYoungGen      total 35840K, used 5088K [0x00000000d8780000, 0x00000000daf80000, 0x0000000100000000)
  eden space 30720K, 0% used [0x00000000d8780000,0x00000000d8780000,0x00000000da580000)
  from space 5120K, 99% used [0x00000000daa80000,0x00000000daf78020,0x00000000daf80000)
  to   space 5120K, 0% used [0x00000000da580000,0x00000000da580000,0x00000000daa80000)
 ParOldGen       total 81920K, used 6403K [0x0000000089600000, 0x000000008e600000, 0x00000000d8780000)
  object space 81920K, 7% used [0x0000000089600000,0x0000000089c40cd8,0x000000008e600000)
 Metaspace       used 15029K, capacity 15344K, committed 15488K, reserved 1062912K
  class space    used 1736K, capacity 1842K, committed 1920K, reserved 1048576K
}
Event: 3.884 GC heap before
{Heap before GC invocations=3 (full 0):
 PSYoungGen      total 35840K, used 28184K [0x00000000d8780000, 0x00000000daf80000, 0x0000000100000000)
  eden space 30720K, 75% used [0x00000000d8780000,0x00000000d9e0e0b8,0x00000000da580000)
  from space 5120K, 99% used [0x00000000daa80000,0x00000000daf78020,0x00000000daf80000)
  to   space 5120K, 0% used [0x00000000da580000,0x00000000da580000,0x00000000daa80000)
 ParOldGen       total 81920K, used 6403K [0x0000000089600000, 0x000000008e600000, 0x00000000d8780000)
  object space 81920K, 7% used [0x0000000089600000,0x0000000089c40cd8,0x000000008e600000)
 Metaspace       used 20810K, capacity 21190K, committed 21296K, reserved 1069056K
  class space    used 2461K, capacity 2593K, committed 2608K, reserved 1048576K
Event: 3.897 GC heap after
Heap after GC invocations=3 (full 0):
 PSYoungGen      total 35840K, used 5104K [0x00000000d8780000, 0x00000000dcd80000, 0x0000000100000000)
  eden space 30720K, 0% used [0x00000000d8780000,0x00000000d8780000,0x00000000da580000)
  from space 5120K, 99% used [0x00000000da580000,0x00000000daa7c030,0x00000000daa80000)
  to   space 5120K, 0% used [0x00000000dc880000,0x00000000dc880000,0x00000000dcd80000)
 ParOldGen       total 81920K, used 11332K [0x0000000089600000, 0x000000008e600000, 0x00000000d8780000)
  object space 81920K, 13% used [0x0000000089600000,0x000000008a111048,0x000000008e600000)
 Metaspace       used 20810K, capacity 21190K, committed 21296K, reserved 1069056K
  class space    used 2461K, capacity 2593K, committed 2608K, reserved 1048576K
}
Event: 3.897 GC heap before
{Heap before GC invocations=4 (full 1):
 PSYoungGen      total 35840K, used 5104K [0x00000000d8780000, 0x00000000dcd80000, 0x0000000100000000)
  eden space 30720K, 0% used [0x00000000d8780000,0x00000000d8780000,0x00000000da580000)
  from space 5120K, 99% used [0x00000000da580000,0x00000000daa7c030,0x00000000daa80000)
  to   space 5120K, 0% used [0x00000000dc880000,0x00000000dc880000,0x00000000dcd80000)
 ParOldGen       total 81920K, used 11332K [0x0000000089600000, 0x000000008e600000, 0x00000000d8780000)
  object space 81920K, 13% used [0x0000000089600000,0x000000008a111048,0x000000008e600000)
 Metaspace       used 20810K, capacity 21190K, committed 21296K, reserved 1069056K
  class space    used 2461K, capacity 2593K, committed 2608K, reserved 1048576K
Event: 3.950 GC heap after
Heap after GC invocations=4 (full 1):
 PSYoungGen      total 35840K, used 0K [0x00000000d8780000, 0x00000000dcd80000, 0x0000000100000000)
  eden space 30720K, 0% used [0x00000000d8780000,0x00000000d8780000,0x00000000da580000)
  from space 5120K, 0% used [0x00000000da580000,0x00000000da580000,0x00000000daa80000)
  to   space 5120K, 0% used [0x00000000dc880000,0x00000000dc880000,0x00000000dcd80000)
 ParOldGen       total 64000K, used 9853K [0x0000000089600000, 0x000000008d480000, 0x00000000d8780000)
  object space 64000K, 15% used [0x0000000089600000,0x0000000089f9f4d0,0x000000008d480000)
 Metaspace       used 20810K, capacity 21190K, committed 21296K, reserved 1069056K
  class space    used 2461K, capacity 2593K, committed 2608K, reserved 1048576K
}

